Software-Engineering/team09/app/build/intermediates/manifest_merge_blame_file/debug/manifest-merger-blame-debug-report.txt
1<?xml version="1.0" encoding="utf-8"?>
2<manifest xmlns:android="http://schemas.android.com/apk/res/android"
3    package="com.r3"
4    android:versionCode="1"
5    android:versionName="1.0" >
6
7    <uses-sdk
8        android:minSdkVersion="16"
8-->src\main\AndroidManifest.xml
9        android:targetSdkVersion="30" />
9-->src\main\AndroidManifest.xml
10
11    <application
11-->src\main\AndroidManifest.xml:5:5-30:19
12        android:allowBackup="true"
12-->src\main\AndroidManifest.xml:6:9-35
13        android:appComponentFactory="androidx.core.app.CoreComponentFactory"
13-->[androidx.core:core:1.3.1] AndroidManifest.xml:24:18-86
14        android:debuggable="true"
15        android:icon="@mipmap/ic_launcher"
15-->src\main\AndroidManifest.xml:7:9-43
16        android:label="@string/app_name"
16-->src\main\AndroidManifest.xml:8:9-41
17        android:roundIcon="@mipmap/ic_launcher_round"
17-->src\main\AndroidManifest.xml:9:9-54
18        android:supportsRtl="true"
18-->src\main\AndroidManifest.xml:10:9-35
19        android:theme="@style/Theme.Find_A_Team" >
19-->src\main\AndroidManifest.xml:11:9-49
20        <activity android:name="com.r4.EditInfo" />
20-->src\main\AndroidManifest.xml:12:9-55
20-->src\main\AndroidManifest.xml:12:19-43
21        <activity android:name="com.r4.RegisterProject" />
21-->src\main\AndroidManifest.xml:13:9-53
21-->src\main\AndroidManifest.xml:13:19-50
22        <activity android:name="com.r4.TeamOverview" />
22-->src\main\AndroidManifest.xml:14:9-50
22-->src\main\AndroidManifest.xml:14:19-47
23        <activity android:name="com.r4.MyTeams" />
23-->src\main\AndroidManifest.xml:15:9-45
23-->src\main\AndroidManifest.xml:15:19-42
24        <activity android:name="com.r4.Messages" />
24-->src\main\AndroidManifest.xml:16:9-46
24-->src\main\AndroidManifest.xml:16:19-43
25        <activity android:name="com.r4.CreateTeam" />
25-->src\main\AndroidManifest.xml:17:9-48
25-->src\main\AndroidManifest.xml:17:19-45
26        <activity android:name="com.r4.SearchResults" />
26-->src\main\AndroidManifest.xml:18:9-51
26-->src\main\AndroidManifest.xml:18:19-48
27        <activity android:name="com.r4.SignUp" />
27-->src\main\AndroidManifest.xml:19:9-44
27-->src\main\AndroidManifest.xml:19:19-41
28        <activity
28-->src\main\AndroidManifest.xml:20:9-22:39
29            android:name="com.r4.Menu"
29-->src\main\AndroidManifest.xml:21:13-33
30            android:exported="true" />
30-->src\main\AndroidManifest.xml:22:13-36
31        <activity android:name="com.r4.LoginScreen" >
31-->src\main\AndroidManifest.xml:23:9-29:20
31-->src\main\AndroidManifest.xml:23:19-46
32            <intent-filter>
32-->src\main\AndroidManifest.xml:24:13-28:29
33                <action android:name="android.intent.action.MAIN" />
33-->src\main\AndroidManifest.xml:25:17-69
33-->src\main\AndroidManifest.xml:25:25-66
34
35                <category android:name="android.intent.category.LAUNCHER" />
35-->src\main\AndroidManifest.xml:27:17-77
35-->src\main\AndroidManifest.xml:27:27-74
36            </intent-filter>
37        </activity>
38    </application>
39
40</manifest>